2025-10-23 20:04:52,371 - INFO - 
================================================================================
2025-10-23 20:04:52,372 - INFO - STARTING GAUSSIAN PROCESS CASCADE TRAINING - MILL 8
2025-10-23 20:04:52,372 - INFO - ================================================================================
2025-10-23 20:04:52,372 - INFO - 
--------------------------------------------------------------------------------
2025-10-23 20:04:52,372 - INFO - STEP 1: LOADING DATA
2025-10-23 20:04:52,372 - INFO - --------------------------------------------------------------------------------
2025-10-23 20:04:52,374 - INFO - Loading data from C:\Projects\experiments\modeling\output\segmented_motifs_all_08.csv...
2025-10-23 20:04:52,579 - INFO -   Data shape: (70980, 22), Rows removed: 0
2025-10-23 20:04:52,580 - INFO - 
--------------------------------------------------------------------------------
2025-10-23 20:04:52,580 - INFO - STEP 2: SPLITTING DATA
2025-10-23 20:04:52,580 - INFO - --------------------------------------------------------------------------------
2025-10-23 20:04:52,580 - INFO -   Train: 56784, Test: 14196
2025-10-23 20:04:52,580 - INFO - 
--------------------------------------------------------------------------------
2025-10-23 20:04:52,580 - INFO - STEP 3: TRAINING PROCESS MODELS (MV → CV)
2025-10-23 20:04:52,580 - INFO - --------------------------------------------------------------------------------
2025-10-23 20:04:52,581 - INFO - 
Training GP model: MV → DensityHC
2025-10-23 20:04:52,585 - INFO -   Training with 56784 samples...
2025-10-23 20:05:25,975 - INFO - 
================================================================================
2025-10-23 20:05:25,975 - INFO - STARTING GAUSSIAN PROCESS CASCADE TRAINING - MILL 8
2025-10-23 20:05:25,976 - INFO - ================================================================================
2025-10-23 20:05:25,977 - INFO - 
--------------------------------------------------------------------------------
2025-10-23 20:05:25,978 - INFO - STEP 1: LOADING DATA
2025-10-23 20:05:25,979 - INFO - --------------------------------------------------------------------------------
2025-10-23 20:05:25,980 - INFO - Loading data from C:\Projects\experiments\modeling\output\segmented_motifs_all_08.csv...
2025-10-23 20:05:26,194 - INFO -   Data shape: (70980, 22), Rows removed: 0
2025-10-23 20:05:26,194 - INFO - 
--------------------------------------------------------------------------------
2025-10-23 20:05:26,194 - INFO - STEP 2: SPLITTING DATA
2025-10-23 20:05:26,194 - INFO - --------------------------------------------------------------------------------
2025-10-23 20:05:26,194 - INFO -   Train: 56784, Test: 14196
2025-10-23 20:05:26,194 - INFO - 
--------------------------------------------------------------------------------
2025-10-23 20:05:26,194 - INFO - STEP 3: TRAINING PROCESS MODELS (MV → CV)
2025-10-23 20:05:26,194 - INFO - --------------------------------------------------------------------------------
2025-10-23 20:05:26,194 - INFO - 
Training GP model: MV → DensityHC
2025-10-23 20:05:26,197 - INFO -   Training with 56784 samples...
2025-10-23 20:05:57,650 - INFO - 
================================================================================
2025-10-23 20:05:57,650 - INFO - STARTING GAUSSIAN PROCESS CASCADE TRAINING - MILL 8
2025-10-23 20:05:57,650 - INFO - ================================================================================
2025-10-23 20:05:57,651 - INFO - 
--------------------------------------------------------------------------------
2025-10-23 20:05:57,651 - INFO - STEP 1: LOADING DATA
2025-10-23 20:05:57,651 - INFO - --------------------------------------------------------------------------------
2025-10-23 20:05:57,652 - INFO - Loading data from C:\Projects\experiments\modeling\output\segmented_motifs_all_08.csv...
2025-10-23 20:05:57,863 - INFO -   Data shape: (70980, 22), Rows removed: 0
2025-10-23 20:05:57,863 - INFO - 
--------------------------------------------------------------------------------
2025-10-23 20:05:57,863 - INFO - STEP 2: SPLITTING DATA
2025-10-23 20:05:57,863 - INFO - --------------------------------------------------------------------------------
2025-10-23 20:05:57,865 - INFO -   Train: 56784, Test: 14196
2025-10-23 20:05:57,865 - INFO - 
--------------------------------------------------------------------------------
2025-10-23 20:05:57,865 - INFO - STEP 3: TRAINING PROCESS MODELS (MV → CV)
2025-10-23 20:05:57,865 - INFO - --------------------------------------------------------------------------------
2025-10-23 20:05:57,865 - INFO - 
Training GP model: MV → DensityHC
2025-10-23 20:05:57,869 - INFO -   Training with 56784 samples...
2025-10-23 20:07:05,134 - INFO - 
================================================================================
2025-10-23 20:07:05,134 - INFO - STARTING GAUSSIAN PROCESS CASCADE TRAINING - MILL 8
2025-10-23 20:07:05,135 - INFO - ================================================================================
2025-10-23 20:07:05,135 - INFO - 
--------------------------------------------------------------------------------
2025-10-23 20:07:05,135 - INFO - STEP 1: LOADING DATA
2025-10-23 20:07:05,135 - INFO - --------------------------------------------------------------------------------
2025-10-23 20:07:05,136 - INFO - Loading data from C:\Projects\experiments\modeling\output\segmented_motifs_all_08.csv...
2025-10-23 20:07:05,336 - INFO -   Data shape: (70980, 22), Rows removed: 0
2025-10-23 20:07:05,337 - INFO - 
--------------------------------------------------------------------------------
2025-10-23 20:07:05,337 - INFO - STEP 2: SPLITTING DATA
2025-10-23 20:07:05,338 - INFO - --------------------------------------------------------------------------------
2025-10-23 20:07:05,338 - INFO -   Train: 56784, Test: 14196
2025-10-23 20:07:05,339 - INFO - 
--------------------------------------------------------------------------------
2025-10-23 20:07:05,339 - INFO - STEP 3: TRAINING PROCESS MODELS (MV → CV)
2025-10-23 20:07:05,340 - INFO - --------------------------------------------------------------------------------
2025-10-23 20:07:05,340 - INFO - 
Training GP model: MV → DensityHC
2025-10-23 20:07:05,346 - INFO -   Training with 56784 samples...
2025-10-23 20:15:38,547 - INFO - 
================================================================================
2025-10-23 20:15:38,547 - INFO - STARTING GAUSSIAN PROCESS CASCADE TRAINING - MILL 8
2025-10-23 20:15:38,548 - INFO - ================================================================================
2025-10-23 20:15:38,548 - INFO - 
--------------------------------------------------------------------------------
2025-10-23 20:15:38,549 - INFO - STEP 1: LOADING DATA
2025-10-23 20:15:38,549 - INFO - --------------------------------------------------------------------------------
2025-10-23 20:15:38,549 - INFO - Loading data from C:\Projects\experiments\modeling\output\segmented_motifs_all_08.csv...
2025-10-23 20:15:38,774 - INFO -   Date filtering: 70980 → 3900 rows
2025-10-23 20:15:38,776 - INFO -   Date range: 2025-10-10 to 2025-10-19
2025-10-23 20:15:38,781 - INFO -   Data shape: (3900, 22), Rows removed (NaN): 0
2025-10-23 20:15:38,781 - INFO - 
--------------------------------------------------------------------------------
2025-10-23 20:15:38,781 - INFO - STEP 2: SPLITTING DATA
2025-10-23 20:15:38,782 - INFO - --------------------------------------------------------------------------------
2025-10-23 20:15:38,783 - INFO -   Train: 3120, Test: 780
2025-10-23 20:15:38,783 - INFO - 
--------------------------------------------------------------------------------
2025-10-23 20:15:38,783 - INFO - STEP 3: TRAINING PROCESS MODELS (MV → CV)
2025-10-23 20:15:38,783 - INFO - --------------------------------------------------------------------------------
2025-10-23 20:15:38,783 - INFO - 
Training GP model: MV → DensityHC
2025-10-23 20:15:38,785 - INFO -   Training with 3120 samples...
2025-10-23 20:22:07,485 - INFO -   ✓ Training complete
2025-10-23 20:22:07,485 - INFO -   Optimized kernel: 0.997**2 * Matern(length_scale=0.0671, nu=2.5) + WhiteKernel(noise_level=0.0289)
2025-10-23 20:22:08,170 - INFO -   Train: R²=0.9844, RMSE=2.5283, σ=4.1478
2025-10-23 20:22:08,171 - INFO -   Test:  R²=0.6275, RMSE=15.3645, σ=11.4902
2025-10-23 20:22:09,118 - INFO - 
Training GP model: MV → PulpHC
2025-10-23 20:22:09,119 - INFO -   Training with 3120 samples...
2025-10-23 20:27:56,144 - INFO -   ✓ Training complete
2025-10-23 20:27:56,144 - INFO -   Optimized kernel: 0.894**2 * Matern(length_scale=0.0724, nu=2.5) + WhiteKernel(noise_level=0.0248)
2025-10-23 20:27:56,621 - INFO -   Train: R²=0.9858, RMSE=2.0564, σ=3.2433
2025-10-23 20:27:56,622 - INFO -   Test:  R²=0.7010, RMSE=10.2796, σ=8.6977
2025-10-23 20:27:57,616 - INFO - 
Training GP model: MV → PressureHC
2025-10-23 20:27:57,617 - INFO -   Training with 3120 samples...
2025-10-23 20:34:00,127 - INFO -   ✓ Training complete
2025-10-23 20:34:00,127 - INFO -   Optimized kernel: 0.766**2 * Matern(length_scale=0.157, nu=2.5) + WhiteKernel(noise_level=0.00846)
2025-10-23 20:34:00,604 - INFO -   Train: R²=0.9938, RMSE=0.0011, σ=0.0014
2025-10-23 20:34:00,604 - INFO -   Test:  R²=0.7431, RMSE=0.0063, σ=0.0042
2025-10-23 20:34:01,561 - INFO - 
Training GP model: MV → CirculativeLoad
2025-10-23 20:34:01,564 - INFO -   Training with 3120 samples...
2025-10-23 20:40:58,064 - INFO -   ✓ Training complete
2025-10-23 20:40:58,065 - INFO -   Optimized kernel: 0.995**2 * Matern(length_scale=0.0667, nu=2.5) + WhiteKernel(noise_level=0.0312)
2025-10-23 20:40:58,548 - INFO -   Train: R²=0.9830, RMSE=0.0244, σ=0.0397
2025-10-23 20:40:58,548 - INFO -   Test:  R²=0.5908, RMSE=0.1243, σ=0.1069
2025-10-23 20:40:59,493 - INFO - 
--------------------------------------------------------------------------------
2025-10-23 20:40:59,493 - INFO - STEP 4: TRAINING QUALITY MODEL (CV + DV → Target)
2025-10-23 20:40:59,494 - INFO - --------------------------------------------------------------------------------
2025-10-23 20:40:59,494 - INFO -   Filtered: Train 3120, Test 780
2025-10-23 20:40:59,496 - INFO -   Training with 3120 samples...
2025-10-23 20:48:05,412 - INFO -   ✓ Training complete
2025-10-23 20:48:05,412 - INFO -   Optimized kernel: 0.814**2 * Matern(length_scale=0.262, nu=2.5) + WhiteKernel(noise_level=0.00108)
2025-10-23 20:48:06,003 - INFO -   Train: R²=0.9996, RMSE=0.0354, σ=0.0765
2025-10-23 20:48:06,003 - INFO -   Test:  R²=0.5704, RMSE=1.1570, σ=0.9128
2025-10-23 20:48:06,862 - INFO - 
--------------------------------------------------------------------------------
2025-10-23 20:48:06,862 - INFO - STEP 5: CASCADE VALIDATION WITH UNCERTAINTY PROPAGATION
2025-10-23 20:48:06,863 - INFO - --------------------------------------------------------------------------------
2025-10-23 20:48:06,864 - INFO -   Using 780 test samples
2025-10-23 20:48:06,991 - INFO -   DensityHC: σ=11.4902
2025-10-23 20:48:07,100 - INFO -   PulpHC: σ=8.6977
2025-10-23 20:48:07,218 - INFO -   PressureHC: σ=0.0042
2025-10-23 20:48:07,325 - INFO -   CirculativeLoad: σ=0.1069
2025-10-23 20:48:07,446 - INFO - 
  Cascade Performance:
2025-10-23 20:48:07,446 - INFO -     R²=0.5049, RMSE=1.2421, MAE=0.8137
2025-10-23 20:48:07,446 - INFO -     Mean σ=0.9656
2025-10-23 20:48:07,872 - INFO - 
--------------------------------------------------------------------------------
2025-10-23 20:48:07,873 - INFO - STEP 6: SAVING RESULTS
2025-10-23 20:48:07,873 - INFO - --------------------------------------------------------------------------------
2025-10-23 20:48:08,078 - INFO -   ✓ Saved process_model_DensityHC
2025-10-23 20:48:08,253 - INFO -   ✓ Saved process_model_PulpHC
2025-10-23 20:48:08,432 - INFO -   ✓ Saved process_model_PressureHC
2025-10-23 20:48:08,614 - INFO -   ✓ Saved process_model_CirculativeLoad
2025-10-23 20:48:08,794 - INFO -   ✓ Saved quality_model
2025-10-23 20:48:08,798 - INFO -   ✓ Saved metadata
2025-10-23 20:48:08,798 - INFO - 
================================================================================
2025-10-23 20:48:08,798 - INFO - GAUSSIAN PROCESS MODEL TRAINING COMPLETE
2025-10-23 20:48:08,798 - INFO - ================================================================================
2025-10-23 20:48:08,798 - INFO - Models saved to: C:\Projects\experiments\gp_modelling\output\mill_gp_08
2025-10-23 20:48:08,798 - INFO - 
✓ Gaussian Process training completed successfully!
2025-10-23 21:16:53,939 - INFO - 
================================================================================
2025-10-23 21:16:53,939 - INFO - STARTING GAUSSIAN PROCESS CASCADE TRAINING - MILL 8
2025-10-23 21:16:53,939 - INFO - ================================================================================
2025-10-23 21:16:53,939 - INFO - 
--------------------------------------------------------------------------------
2025-10-23 21:16:53,940 - INFO - STEP 1: LOADING DATA
2025-10-23 21:16:53,940 - INFO - --------------------------------------------------------------------------------
2025-10-23 21:16:53,940 - INFO - Loading data from C:\Projects\experiments\modeling\output\segmented_motifs_all_08.csv...
2025-10-23 21:16:54,142 - INFO -   Date filtering: 70980 → 30840 rows
2025-10-23 21:16:54,143 - INFO -   Date range: 2025-07-01 to 2025-10-19
2025-10-23 21:16:54,146 - INFO -   Data shape: (30840, 22), Rows removed (NaN): 0
2025-10-23 21:16:54,146 - INFO - 
--------------------------------------------------------------------------------
2025-10-23 21:16:54,146 - INFO - STEP 2: SPLITTING DATA
2025-10-23 21:16:54,146 - INFO - --------------------------------------------------------------------------------
2025-10-23 21:16:54,147 - INFO -   Train: 24672, Test: 6168
2025-10-23 21:16:54,148 - INFO - 
--------------------------------------------------------------------------------
2025-10-23 21:16:54,148 - INFO - STEP 3: TRAINING PROCESS MODELS (MV → CV)
2025-10-23 21:16:54,148 - INFO - --------------------------------------------------------------------------------
2025-10-23 21:16:54,149 - INFO - 
Training GP model: MV → DensityHC
2025-10-23 21:16:54,152 - INFO -   Training with 24672 samples...
