2025-10-27 10:09:38,872 - INFO - ✓ GPU detected: NVIDIA GeForce GTX 1650
2025-10-27 10:09:38,872 - INFO -   VRAM: 4.29 GB
2025-10-27 10:09:38,873 - INFO - 
================================================================================
2025-10-27 10:09:38,873 - INFO - STARTING GPU-ACCELERATED GAUSSIAN PROCESS CASCADE TRAINING - MILL 8
2025-10-27 10:09:38,873 - INFO - ================================================================================
2025-10-27 10:09:38,873 - INFO - 
--------------------------------------------------------------------------------
2025-10-27 10:09:38,874 - INFO - STEP 1: LOADING DATA
2025-10-27 10:09:38,874 - INFO - --------------------------------------------------------------------------------
2025-10-27 10:09:38,874 - INFO - Loading data from C:\Projects\experiments\modeling\output\segmented_motifs_all_08.csv...
2025-10-27 10:09:39,071 - INFO -   Date filtering: 70980 → 7337 rows
2025-10-27 10:09:39,072 - INFO -   Date range: 2025-10-01 to 2025-10-19
2025-10-27 10:09:39,073 - INFO -   Data shape: (7337, 22), Rows removed (NaN): 0
2025-10-27 10:09:39,073 - INFO - 
--------------------------------------------------------------------------------
2025-10-27 10:09:39,074 - INFO - STEP 2: SPLITTING DATA
2025-10-27 10:09:39,074 - INFO - --------------------------------------------------------------------------------
2025-10-27 10:09:39,074 - INFO -   Train: 5869, Test: 1468
2025-10-27 10:09:39,074 - INFO - 
--------------------------------------------------------------------------------
2025-10-27 10:09:39,074 - INFO - STEP 3: TRAINING PROCESS MODELS (MV → CV) ON GPU
2025-10-27 10:09:39,074 - INFO - --------------------------------------------------------------------------------
2025-10-27 10:09:39,076 - INFO - 
Training GP model: MV → DensityHC
2025-10-27 10:09:39,076 - INFO -   Optimal chunk size: 5869 samples
2025-10-27 10:09:39,077 - INFO -   Estimated VRAM per chunk: 0.41 GB
2025-10-27 10:09:39,077 - INFO -   Training on full dataset (5869 samples)...
2025-10-27 10:09:44,245 - INFO -     Iteration 20/100 - Loss: 955.9965
2025-10-27 10:09:47,617 - INFO -     Iteration 40/100 - Loss: 542.9126
2025-10-27 10:09:51,022 - INFO -     Iteration 60/100 - Loss: 425.2499
2025-10-27 10:09:54,447 - INFO -     Iteration 80/100 - Loss: 362.6490
2025-10-27 10:09:57,808 - INFO -     Iteration 100/100 - Loss: 319.9452
2025-10-27 10:09:57,810 - INFO -   Making predictions...
2025-10-27 10:09:58,131 - INFO -   Train: R²=0.3390, RMSE=23.8817, σ=1.9644
2025-10-27 10:09:58,132 - INFO -   Test:  R²=-4.1610, RMSE=78.1468, σ=1.9711
2025-10-27 10:09:59,172 - INFO - 
Training GP model: MV → PulpHC
2025-10-27 10:09:59,175 - INFO -   Optimal chunk size: 5869 samples
2025-10-27 10:09:59,175 - INFO -   Estimated VRAM per chunk: 0.41 GB
2025-10-27 10:09:59,175 - INFO -   Training on full dataset (5869 samples)...
2025-10-27 10:10:02,623 - INFO -     Iteration 20/100 - Loss: 139.6668
2025-10-27 10:10:06,040 - INFO -     Iteration 40/100 - Loss: 86.3809
2025-10-27 10:10:09,431 - INFO -     Iteration 60/100 - Loss: 69.5161
2025-10-27 10:10:12,842 - INFO -     Iteration 80/100 - Loss: 60.3773
2025-10-27 10:10:16,264 - INFO -     Iteration 100/100 - Loss: 54.1625
2025-10-27 10:10:16,264 - INFO -   Making predictions...
2025-10-27 10:10:16,570 - INFO -   Train: R²=0.7310, RMSE=15.1041, σ=2.1619
2025-10-27 10:10:16,570 - INFO -   Test:  R²=0.1903, RMSE=31.6036, σ=2.1692
2025-10-27 10:10:17,840 - INFO - 
Training GP model: MV → PressureHC
2025-10-27 10:10:17,843 - INFO -   Optimal chunk size: 5869 samples
2025-10-27 10:10:17,843 - INFO -   Estimated VRAM per chunk: 0.41 GB
2025-10-27 10:10:17,843 - INFO -   Training on full dataset (5869 samples)...
2025-10-27 10:10:21,308 - INFO -     Iteration 20/100 - Loss: -0.0697
2025-10-27 10:10:24,714 - INFO -     Iteration 40/100 - Loss: -1.0946
2025-10-27 10:10:28,104 - INFO -     Iteration 60/100 - Loss: -2.1226
2025-10-27 10:10:31,497 - INFO -     Iteration 80/100 - Loss: -2.9713
2025-10-27 10:10:34,890 - INFO -     Iteration 100/100 - Loss: -3.3813
2025-10-27 10:10:34,890 - INFO -   Making predictions...
2025-10-27 10:10:35,196 - INFO -   Train: R²=0.9605, RMSE=0.0038, σ=0.0127
2025-10-27 10:10:35,196 - INFO -   Test:  R²=0.9065, RMSE=0.0066, σ=0.0129
2025-10-27 10:10:36,139 - INFO - 
Training GP model: MV → CirculativeLoad
2025-10-27 10:10:36,140 - INFO -   Optimal chunk size: 5869 samples
2025-10-27 10:10:36,140 - INFO -   Estimated VRAM per chunk: 0.41 GB
2025-10-27 10:10:36,142 - INFO -   Training on full dataset (5869 samples)...
2025-10-27 10:10:39,550 - INFO -     Iteration 20/100 - Loss: 0.0168
2025-10-27 10:10:43,024 - INFO -     Iteration 40/100 - Loss: -0.6885
2025-10-27 10:10:48,945 - INFO -     Iteration 60/100 - Loss: -0.3166
2025-10-27 10:10:58,276 - INFO -     Iteration 80/100 - Loss: -0.1456
2025-10-27 10:11:08,128 - INFO -     Iteration 100/100 - Loss: -0.1393
2025-10-27 10:11:08,129 - INFO -   Making predictions...
2025-10-27 10:11:09,857 - INFO -   Train: R²=-1393104.6889, RMSE=314.9643, σ=0.6246
2025-10-27 10:11:09,858 - INFO -   Test:  R²=-218928.5712, RMSE=148.6913, σ=0.8490
2025-10-27 10:11:11,104 - INFO - 
--------------------------------------------------------------------------------
2025-10-27 10:11:11,105 - INFO - STEP 4: TRAINING QUALITY MODEL (CV + DV → Target) ON GPU
2025-10-27 10:11:11,105 - INFO - --------------------------------------------------------------------------------
2025-10-27 10:11:11,106 - INFO -   Filtered: Train 5869, Test 1468
2025-10-27 10:11:11,107 - INFO -   Optimal chunk size: 5869 samples
2025-10-27 10:11:11,108 - INFO -   Estimated VRAM per chunk: 0.41 GB
2025-10-27 10:11:11,108 - INFO -   Training on full dataset (5869 samples)...
2025-10-27 10:11:14,507 - INFO -     Iteration 20/100 - Loss: 1.2161
2025-10-27 10:11:18,200 - INFO -     Iteration 40/100 - Loss: 1.5199
2025-10-27 10:11:23,354 - INFO -     Iteration 60/100 - Loss: 1.9859
2025-10-27 10:11:29,876 - INFO -     Iteration 80/100 - Loss: 1.6360
2025-10-27 10:11:36,356 - INFO -     Iteration 100/100 - Loss: 0.8520
2025-10-27 10:11:36,356 - INFO -   Making predictions...
2025-10-27 10:11:38,068 - INFO -   Train: R²=0.6438, RMSE=1.0061, σ=1.3573
2025-10-27 10:11:38,068 - INFO -   Test:  R²=-3.1868, RMSE=4.4879, σ=1.8890
2025-10-27 10:11:39,053 - INFO - 
--------------------------------------------------------------------------------
2025-10-27 10:11:39,053 - INFO - STEP 5: CASCADE VALIDATION WITH UNCERTAINTY PROPAGATION
2025-10-27 10:11:39,053 - INFO - --------------------------------------------------------------------------------
2025-10-27 10:11:39,053 - INFO -   Using 1468 test samples
2025-10-27 10:11:39,069 - INFO -   DensityHC: σ=1.9711
2025-10-27 10:11:39,082 - INFO -   PulpHC: σ=2.1692
2025-10-27 10:11:39,097 - INFO -   PressureHC: σ=0.0129
2025-10-27 10:11:39,112 - INFO -   CirculativeLoad: σ=0.8490
2025-10-27 10:11:39,128 - INFO - 
  Cascade Performance:
2025-10-27 10:11:39,128 - INFO -     R²=-56.9487, RMSE=16.6965, MAE=16.4942
2025-10-27 10:11:39,129 - INFO -     Mean σ=2.3928
2025-10-27 10:11:39,404 - INFO - 
--------------------------------------------------------------------------------
2025-10-27 10:11:39,404 - INFO - STEP 6: SAVING RESULTS
2025-10-27 10:11:39,406 - INFO - --------------------------------------------------------------------------------
2025-10-27 10:11:39,410 - INFO -   ✓ Saved process_model_DensityHC
2025-10-27 10:11:39,413 - INFO -   ✓ Saved process_model_PulpHC
2025-10-27 10:11:39,416 - INFO -   ✓ Saved process_model_PressureHC
2025-10-27 10:11:39,419 - INFO -   ✓ Saved process_model_CirculativeLoad
2025-10-27 10:11:39,422 - INFO -   ✓ Saved quality_model
2025-10-27 10:11:39,425 - INFO -   ✓ Saved metadata
2025-10-27 10:11:39,425 - INFO -   ✓ Saved GPU info
2025-10-27 10:11:39,426 - INFO -     Peak VRAM usage: 2.25 GB
2025-10-27 10:11:39,426 - INFO - 
================================================================================
2025-10-27 10:11:39,426 - INFO - GPU-ACCELERATED GAUSSIAN PROCESS MODEL TRAINING COMPLETE
2025-10-27 10:11:39,426 - INFO - ================================================================================
2025-10-27 10:11:39,426 - INFO - Models saved to: C:\Projects\experiments\gp_modelling\output\mill_gp_gpu_08
2025-10-27 10:11:39,426 - INFO - 
✓ GPU-accelerated Gaussian Process training completed successfully!
2025-10-27 10:14:13,020 - INFO - ✓ GPU detected: NVIDIA GeForce GTX 1650
2025-10-27 10:14:13,021 - INFO -   VRAM: 4.29 GB
2025-10-27 10:14:13,022 - INFO - 
================================================================================
2025-10-27 10:14:13,022 - INFO - STARTING GPU-ACCELERATED GAUSSIAN PROCESS CASCADE TRAINING - MILL 8
2025-10-27 10:14:13,022 - INFO - ================================================================================
2025-10-27 10:14:13,022 - INFO - 
--------------------------------------------------------------------------------
2025-10-27 10:14:13,023 - INFO - STEP 1: LOADING DATA
2025-10-27 10:14:13,023 - INFO - --------------------------------------------------------------------------------
2025-10-27 10:14:13,023 - INFO - Loading data from C:\Projects\experiments\modeling\output\segmented_motifs_all_08.csv...
2025-10-27 10:14:13,217 - INFO -   Date filtering: 70980 → 16020 rows
2025-10-27 10:14:13,217 - INFO -   Date range: 2025-09-01 to 2025-10-19
2025-10-27 10:14:13,220 - INFO -   Data shape: (16020, 22), Rows removed (NaN): 0
2025-10-27 10:14:13,220 - INFO - 
--------------------------------------------------------------------------------
2025-10-27 10:14:13,220 - INFO - STEP 2: SPLITTING DATA
2025-10-27 10:14:13,221 - INFO - --------------------------------------------------------------------------------
2025-10-27 10:14:13,221 - INFO -   Train: 12816, Test: 3204
2025-10-27 10:14:13,221 - INFO - 
--------------------------------------------------------------------------------
2025-10-27 10:14:13,221 - INFO - STEP 3: TRAINING PROCESS MODELS (MV → CV) ON GPU
2025-10-27 10:14:13,221 - INFO - --------------------------------------------------------------------------------
2025-10-27 10:14:13,221 - INFO - 
Training GP model: MV → DensityHC
2025-10-27 10:14:13,224 - INFO -   Optimal chunk size: 12816 samples
2025-10-27 10:14:13,224 - INFO -   Estimated VRAM per chunk: 1.97 GB
2025-10-27 10:14:13,224 - INFO -   Training on full dataset (12816 samples)...
2025-10-27 10:15:14,486 - INFO -     Iteration 20/100 - Loss: 733.6835
2025-10-27 10:16:13,289 - INFO -     Iteration 40/100 - Loss: 405.0426
2025-10-27 10:17:12,078 - INFO -     Iteration 60/100 - Loss: 316.3028
2025-10-27 10:18:11,441 - INFO -     Iteration 80/100 - Loss: 269.9942
2025-10-27 10:19:10,208 - INFO -     Iteration 100/100 - Loss: 238.4989
2025-10-27 10:19:10,209 - INFO -   Making predictions...
2025-10-27 10:19:11,823 - INFO -   Train: R²=0.3823, RMSE=24.6298, σ=1.9651
2025-10-27 10:19:11,823 - INFO -   Test:  R²=-0.3423, RMSE=35.0399, σ=1.9671
2025-10-27 10:19:13,002 - INFO - 
Training GP model: MV → PulpHC
2025-10-27 10:19:13,004 - INFO -   Optimal chunk size: 12816 samples
2025-10-27 10:19:13,004 - INFO -   Estimated VRAM per chunk: 1.97 GB
2025-10-27 10:19:13,004 - INFO -   Training on full dataset (12816 samples)...
2025-10-27 10:20:09,202 - INFO -     Iteration 20/100 - Loss: 181.7617
2025-10-27 10:21:03,153 - INFO -     Iteration 40/100 - Loss: 115.3609
2025-10-27 10:21:57,564 - INFO -     Iteration 60/100 - Loss: 93.3632
2025-10-27 10:22:52,158 - INFO -     Iteration 80/100 - Loss: 81.5486
2025-10-27 10:23:47,158 - INFO -     Iteration 100/100 - Loss: 73.5682
2025-10-27 10:23:47,159 - INFO -   Making predictions...
2025-10-27 10:23:54,957 - INFO -   Train: R²=0.5828, RMSE=22.8837, σ=2.2448
2025-10-27 10:23:54,957 - INFO -   Test:  R²=0.4456, RMSE=27.3564, σ=2.2472
2025-10-27 10:23:56,337 - INFO - 
Training GP model: MV → PressureHC
2025-10-27 10:23:56,339 - INFO -   Optimal chunk size: 12816 samples
2025-10-27 10:23:56,339 - INFO -   Estimated VRAM per chunk: 1.97 GB
2025-10-27 10:23:56,339 - INFO -   Training on full dataset (12816 samples)...
2025-10-27 10:24:51,841 - INFO -     Iteration 20/100 - Loss: -0.0706
2025-10-27 10:25:46,015 - INFO -     Iteration 40/100 - Loss: -1.0938
2025-10-27 10:26:40,152 - INFO -     Iteration 60/100 - Loss: -2.1072
2025-10-27 10:27:34,241 - INFO -     Iteration 80/100 - Loss: -2.9007
2025-10-27 10:28:28,326 - INFO -     Iteration 100/100 - Loss: -3.3296
2025-10-27 10:28:28,326 - INFO -   Making predictions...
2025-10-27 10:28:44,145 - INFO -   Train: R²=0.9337, RMSE=0.0056, σ=0.0133
2025-10-27 10:28:44,146 - INFO -   Test:  R²=0.8844, RMSE=0.0074, σ=0.0138
2025-10-27 10:28:45,233 - INFO - 
Training GP model: MV → CirculativeLoad
2025-10-27 10:28:45,235 - INFO -   Optimal chunk size: 12816 samples
2025-10-27 10:28:45,235 - INFO -   Estimated VRAM per chunk: 1.97 GB
2025-10-27 10:28:45,235 - INFO -   Training on full dataset (12816 samples)...
2025-10-27 10:29:41,087 - INFO -     Iteration 20/100 - Loss: 0.0455
2025-10-27 10:30:45,493 - INFO -     Iteration 40/100 - Loss: -0.2551
2025-10-27 10:31:58,657 - INFO -     Iteration 60/100 - Loss: -0.5352
2025-10-27 10:33:02,245 - INFO -     Iteration 80/100 - Loss: -0.9017
2025-10-27 10:34:03,567 - INFO -     Iteration 100/100 - Loss: -0.8272
2025-10-27 10:34:03,570 - INFO -   Making predictions...
2025-10-27 10:34:21,270 - INFO -   Train: R²=0.9947, RMSE=0.0243, σ=0.2623
2025-10-27 10:34:21,270 - INFO -   Test:  R²=0.6299, RMSE=0.1914, σ=0.2896
2025-10-27 10:34:22,338 - INFO - 
--------------------------------------------------------------------------------
2025-10-27 10:34:22,339 - INFO - STEP 4: TRAINING QUALITY MODEL (CV + DV → Target) ON GPU
2025-10-27 10:34:22,339 - INFO - --------------------------------------------------------------------------------
2025-10-27 10:34:22,341 - INFO -   Filtered: Train 12810, Test 3204
2025-10-27 10:34:22,343 - INFO -   Optimal chunk size: 12810 samples
2025-10-27 10:34:22,343 - INFO -   Estimated VRAM per chunk: 1.97 GB
2025-10-27 10:34:22,343 - INFO -   Training on full dataset (12810 samples)...
2025-10-27 10:35:18,547 - INFO -     Iteration 20/100 - Loss: 1.2361
2025-10-27 10:36:20,148 - INFO -     Iteration 40/100 - Loss: 1.1963
2025-10-27 10:37:30,693 - INFO -     Iteration 60/100 - Loss: 1.1664
2025-10-27 10:38:53,758 - INFO -     Iteration 80/100 - Loss: 1.2969
2025-10-27 10:40:31,202 - INFO -     Iteration 100/100 - Loss: 1.0221
2025-10-27 10:40:31,203 - INFO -   Making predictions...
2025-10-27 10:41:25,268 - INFO -   Train: R²=0.9811, RMSE=0.2593, σ=1.7044
2025-10-27 10:41:25,268 - INFO -   Test:  R²=-3.0700, RMSE=4.2370, σ=2.0556
2025-10-27 10:41:26,434 - INFO - 
--------------------------------------------------------------------------------
2025-10-27 10:41:26,435 - INFO - STEP 5: CASCADE VALIDATION WITH UNCERTAINTY PROPAGATION
2025-10-27 10:41:26,435 - INFO - --------------------------------------------------------------------------------
2025-10-27 10:41:26,436 - INFO -   Using 3204 test samples
2025-10-27 10:41:26,511 - INFO -   DensityHC: σ=1.9671
2025-10-27 10:41:26,575 - INFO -   PulpHC: σ=2.2472
2025-10-27 10:41:26,637 - INFO -   PressureHC: σ=0.0138
2025-10-27 10:41:26,697 - INFO -   CirculativeLoad: σ=0.2896
2025-10-27 10:41:26,755 - INFO - 
  Cascade Performance:
2025-10-27 10:41:26,755 - INFO -     R²=-12.2500, RMSE=7.6449, MAE=6.0838
2025-10-27 10:41:26,756 - INFO -     Mean σ=2.1948
2025-10-27 10:41:27,208 - INFO - 
--------------------------------------------------------------------------------
2025-10-27 10:41:27,208 - INFO - STEP 6: SAVING RESULTS
2025-10-27 10:41:27,209 - INFO - --------------------------------------------------------------------------------
2025-10-27 10:41:27,213 - INFO -   ✓ Saved process_model_DensityHC
2025-10-27 10:41:27,217 - INFO -   ✓ Saved process_model_PulpHC
2025-10-27 10:41:27,220 - INFO -   ✓ Saved process_model_PressureHC
2025-10-27 10:41:27,223 - INFO -   ✓ Saved process_model_CirculativeLoad
2025-10-27 10:41:27,225 - INFO -   ✓ Saved quality_model
2025-10-27 10:41:27,228 - INFO -   ✓ Saved metadata
2025-10-27 10:41:27,229 - INFO -   ✓ Saved GPU info
2025-10-27 10:41:27,229 - INFO -     Peak VRAM usage: 10.16 GB
2025-10-27 10:41:27,230 - INFO - 
================================================================================
2025-10-27 10:41:27,230 - INFO - GPU-ACCELERATED GAUSSIAN PROCESS MODEL TRAINING COMPLETE
2025-10-27 10:41:27,230 - INFO - ================================================================================
2025-10-27 10:41:27,230 - INFO - Models saved to: C:\Projects\experiments\gp_modelling\output\mill_gp_gpu_08
2025-10-27 10:41:27,230 - INFO - 
✓ GPU-accelerated Gaussian Process training completed successfully!
2025-10-27 10:44:03,279 - INFO - ✓ GPU detected: NVIDIA GeForce GTX 1650
2025-10-27 10:44:03,279 - INFO -   VRAM: 4.29 GB
2025-10-27 10:44:03,280 - INFO - 
================================================================================
2025-10-27 10:44:03,280 - INFO - STARTING GPU-ACCELERATED GAUSSIAN PROCESS CASCADE TRAINING - MILL 6
2025-10-27 10:44:03,280 - INFO - ================================================================================
2025-10-27 10:44:03,280 - INFO - 
--------------------------------------------------------------------------------
2025-10-27 10:44:03,280 - INFO - STEP 1: LOADING DATA
2025-10-27 10:44:03,280 - INFO - --------------------------------------------------------------------------------
2025-10-27 10:44:03,281 - INFO - Loading data from C:\Projects\experiments\modeling\output\segmented_motifs_all_06.csv...
2025-10-27 10:44:03,310 - INFO -   Date filtering: 6540 → 6540 rows
2025-10-27 10:44:03,312 - INFO -   Date range: 2025-09-01 to 2025-10-19
2025-10-27 10:44:03,312 - INFO -   Data shape: (6540, 22), Rows removed (NaN): 0
2025-10-27 10:44:03,312 - INFO - 
--------------------------------------------------------------------------------
2025-10-27 10:44:03,313 - INFO - STEP 2: SPLITTING DATA
2025-10-27 10:44:03,313 - INFO - --------------------------------------------------------------------------------
2025-10-27 10:44:03,313 - INFO -   Train: 5232, Test: 1308
2025-10-27 10:44:03,314 - INFO - 
--------------------------------------------------------------------------------
2025-10-27 10:44:03,314 - INFO - STEP 3: TRAINING PROCESS MODELS (MV → CV) ON GPU
2025-10-27 10:44:03,314 - INFO - --------------------------------------------------------------------------------
2025-10-27 10:44:03,314 - INFO - 
Training GP model: MV → DensityHC
2025-10-27 10:44:03,315 - INFO -   Optimal chunk size: 5232 samples
2025-10-27 10:44:03,316 - INFO -   Estimated VRAM per chunk: 0.33 GB
2025-10-27 10:44:03,316 - INFO -   Training on full dataset (5232 samples)...
2025-10-27 10:44:07,852 - INFO -     Iteration 20/100 - Loss: 1049.8406
2025-10-27 10:44:10,747 - INFO -     Iteration 40/100 - Loss: 592.9674
2025-10-27 10:44:13,603 - INFO -     Iteration 60/100 - Loss: 464.3983
2025-10-27 10:44:16,419 - INFO -     Iteration 80/100 - Loss: 396.1223
2025-10-27 10:44:19,198 - INFO -     Iteration 100/100 - Loss: 349.5173
2025-10-27 10:44:19,198 - INFO -   Making predictions...
2025-10-27 10:44:19,469 - INFO -   Train: R²=0.4208, RMSE=21.5676, σ=1.8859
2025-10-27 10:44:19,469 - INFO -   Test:  R²=0.4640, RMSE=22.6562, σ=1.8849
2025-10-27 10:44:20,547 - INFO - 
Training GP model: MV → PulpHC
2025-10-27 10:44:20,548 - INFO -   Optimal chunk size: 5232 samples
2025-10-27 10:44:20,549 - INFO -   Estimated VRAM per chunk: 0.33 GB
2025-10-27 10:44:20,549 - INFO -   Training on full dataset (5232 samples)...
2025-10-27 10:44:23,376 - INFO -     Iteration 20/100 - Loss: 141.3568
2025-10-27 10:44:26,200 - INFO -     Iteration 40/100 - Loss: 85.1912
2025-10-27 10:44:28,981 - INFO -     Iteration 60/100 - Loss: 68.2067
2025-10-27 10:44:31,757 - INFO -     Iteration 80/100 - Loss: 58.9911
2025-10-27 10:44:34,522 - INFO -     Iteration 100/100 - Loss: 52.6808
2025-10-27 10:44:34,522 - INFO -   Making predictions...
2025-10-27 10:44:34,770 - INFO -   Train: R²=0.5789, RMSE=12.4245, σ=2.0906
2025-10-27 10:44:34,770 - INFO -   Test:  R²=0.6068, RMSE=13.7215, σ=2.0895
2025-10-27 10:44:35,859 - INFO - 
Training GP model: MV → PressureHC
2025-10-27 10:44:35,860 - INFO -   Optimal chunk size: 5232 samples
2025-10-27 10:44:35,860 - INFO -   Estimated VRAM per chunk: 0.33 GB
2025-10-27 10:44:35,860 - INFO -   Training on full dataset (5232 samples)...
2025-10-27 10:44:38,688 - INFO -     Iteration 20/100 - Loss: -0.0692
2025-10-27 10:44:41,480 - INFO -     Iteration 40/100 - Loss: -1.0910
2025-10-27 10:44:44,257 - INFO -     Iteration 60/100 - Loss: -2.1064
2025-10-27 10:44:47,038 - INFO -     Iteration 80/100 - Loss: -2.9353
2025-10-27 10:44:49,805 - INFO -     Iteration 100/100 - Loss: -3.3415
2025-10-27 10:44:49,805 - INFO -   Making predictions...
2025-10-27 10:44:50,181 - INFO -   Train: R²=0.9849, RMSE=0.0036, σ=0.0131
2025-10-27 10:44:50,181 - INFO -   Test:  R²=0.9808, RMSE=0.0041, σ=0.0131
2025-10-27 10:44:51,077 - INFO - 
Training GP model: MV → CirculativeLoad
2025-10-27 10:44:51,078 - INFO -   Optimal chunk size: 5232 samples
2025-10-27 10:44:51,078 - INFO -   Estimated VRAM per chunk: 0.33 GB
2025-10-27 10:44:51,078 - INFO -   Training on full dataset (5232 samples)...
2025-10-27 10:44:53,893 - INFO -     Iteration 20/100 - Loss: -0.0000
2025-10-27 10:44:56,680 - INFO -     Iteration 40/100 - Loss: -0.8573
2025-10-27 10:45:00,069 - INFO -     Iteration 60/100 - Loss: -1.0528
2025-10-27 10:45:05,879 - INFO -     Iteration 80/100 - Loss: -0.7818
2025-10-27 10:45:14,201 - INFO -     Iteration 100/100 - Loss: -0.5865
2025-10-27 10:45:14,202 - INFO -   Making predictions...
2025-10-27 10:45:15,646 - INFO -   Train: R²=-0.9872, RMSE=0.2469, σ=0.2935
2025-10-27 10:45:15,646 - INFO -   Test:  R²=-0.0148, RMSE=0.2003, σ=0.2691
2025-10-27 10:45:16,649 - INFO - 
--------------------------------------------------------------------------------
2025-10-27 10:45:16,649 - INFO - STEP 4: TRAINING QUALITY MODEL (CV + DV → Target) ON GPU
2025-10-27 10:45:16,649 - INFO - --------------------------------------------------------------------------------
2025-10-27 10:45:16,650 - INFO -   Filtered: Train 5232, Test 1308
2025-10-27 10:45:16,652 - INFO -   Optimal chunk size: 5232 samples
2025-10-27 10:45:16,652 - INFO -   Estimated VRAM per chunk: 0.33 GB
2025-10-27 10:45:16,652 - INFO -   Training on full dataset (5232 samples)...
2025-10-27 10:45:19,461 - INFO -     Iteration 20/100 - Loss: 0.8261
2025-10-27 10:45:22,355 - INFO -     Iteration 40/100 - Loss: 0.1530
2025-10-27 10:45:26,903 - INFO -     Iteration 60/100 - Loss: 0.8678
2025-10-27 10:45:32,970 - INFO -     Iteration 80/100 - Loss: 1.1037
2025-10-27 10:45:39,719 - INFO -     Iteration 100/100 - Loss: 1.3569
2025-10-27 10:45:39,719 - INFO -   Making predictions...
2025-10-27 10:45:41,160 - INFO -   Train: R²=0.6064, RMSE=1.1731, σ=1.1998
2025-10-27 10:45:41,160 - INFO -   Test:  R²=0.2400, RMSE=1.5078, σ=1.2196
2025-10-27 10:45:42,124 - INFO - 
--------------------------------------------------------------------------------
2025-10-27 10:45:42,124 - INFO - STEP 5: CASCADE VALIDATION WITH UNCERTAINTY PROPAGATION
2025-10-27 10:45:42,124 - INFO - --------------------------------------------------------------------------------
2025-10-27 10:45:42,124 - INFO -   Using 1308 test samples
2025-10-27 10:45:42,138 - INFO -   DensityHC: σ=1.8849
2025-10-27 10:45:42,151 - INFO -   PulpHC: σ=2.0895
2025-10-27 10:45:42,164 - INFO -   PressureHC: σ=0.0131
2025-10-27 10:45:42,176 - INFO -   CirculativeLoad: σ=0.2691
2025-10-27 10:45:42,190 - INFO - 
  Cascade Performance:
2025-10-27 10:45:42,190 - INFO -     R²=-52.6842, RMSE=12.6724, MAE=11.5804
2025-10-27 10:45:42,191 - INFO -     Mean σ=2.2126
2025-10-27 10:45:42,549 - INFO - 
--------------------------------------------------------------------------------
2025-10-27 10:45:42,550 - INFO - STEP 6: SAVING RESULTS
2025-10-27 10:45:42,550 - INFO - --------------------------------------------------------------------------------
2025-10-27 10:45:42,554 - INFO -   ✓ Saved process_model_DensityHC
2025-10-27 10:45:42,558 - INFO -   ✓ Saved process_model_PulpHC
2025-10-27 10:45:42,561 - INFO -   ✓ Saved process_model_PressureHC
2025-10-27 10:45:42,567 - INFO -   ✓ Saved process_model_CirculativeLoad
2025-10-27 10:45:42,571 - INFO -   ✓ Saved quality_model
2025-10-27 10:45:42,576 - INFO -   ✓ Saved metadata
2025-10-27 10:45:42,577 - INFO -   ✓ Saved GPU info
2025-10-27 10:45:42,577 - INFO -     Peak VRAM usage: 1.79 GB
2025-10-27 10:45:42,577 - INFO - 
================================================================================
2025-10-27 10:45:42,577 - INFO - GPU-ACCELERATED GAUSSIAN PROCESS MODEL TRAINING COMPLETE
2025-10-27 10:45:42,577 - INFO - ================================================================================
2025-10-27 10:45:42,577 - INFO - Models saved to: C:\Projects\experiments\gp_modelling\output\mill_gp_gpu_06
2025-10-27 10:45:42,577 - INFO - 
✓ GPU-accelerated Gaussian Process training completed successfully!
2025-10-27 10:47:35,943 - INFO - ✓ GPU detected: NVIDIA GeForce GTX 1650
2025-10-27 10:47:35,944 - INFO -   VRAM: 4.29 GB
2025-10-27 10:47:35,944 - INFO - 
================================================================================
2025-10-27 10:47:35,946 - INFO - STARTING GPU-ACCELERATED GAUSSIAN PROCESS CASCADE TRAINING - MILL 6
2025-10-27 10:47:35,946 - INFO - ================================================================================
2025-10-27 10:47:35,946 - INFO - 
--------------------------------------------------------------------------------
2025-10-27 10:47:35,946 - INFO - STEP 1: LOADING DATA
2025-10-27 10:47:35,946 - INFO - --------------------------------------------------------------------------------
2025-10-27 10:47:35,946 - INFO - Loading data from C:\Projects\experiments\modeling\output\segmented_motifs_all_06.csv...
2025-10-27 10:47:35,973 - INFO -   Date filtering: 6540 → 6540 rows
2025-10-27 10:47:35,974 - INFO -   Date range: 2025-09-01 to 2025-10-19
2025-10-27 10:47:35,974 - INFO -   Data shape: (6540, 22), Rows removed (NaN): 0
2025-10-27 10:47:35,975 - INFO - 
--------------------------------------------------------------------------------
2025-10-27 10:47:35,975 - INFO - STEP 2: SPLITTING DATA
2025-10-27 10:47:35,975 - INFO - --------------------------------------------------------------------------------
2025-10-27 10:47:35,976 - INFO -   Train: 5232, Test: 1308
2025-10-27 10:47:35,976 - INFO - 
--------------------------------------------------------------------------------
2025-10-27 10:47:35,976 - INFO - STEP 3: TRAINING PROCESS MODELS (MV → CV) ON GPU
2025-10-27 10:47:35,976 - INFO - --------------------------------------------------------------------------------
2025-10-27 10:47:35,976 - INFO - 
Training GP model: MV → DensityHC
2025-10-27 10:47:35,977 - INFO -   Optimal chunk size: 5232 samples
2025-10-27 10:47:35,977 - INFO -   Estimated VRAM per chunk: 0.33 GB
2025-10-27 10:47:35,977 - INFO -   Training on full dataset (5232 samples)...
2025-10-27 10:47:40,454 - INFO -     Iteration 20/100 - Loss: 1049.8406
2025-10-27 10:47:55,477 - INFO - ✓ GPU detected: NVIDIA GeForce GTX 1650
2025-10-27 10:47:55,477 - INFO -   VRAM: 4.29 GB
2025-10-27 10:47:55,477 - INFO - 
================================================================================
2025-10-27 10:47:55,477 - INFO - STARTING GPU-ACCELERATED GAUSSIAN PROCESS CASCADE TRAINING - MILL 7
2025-10-27 10:47:55,479 - INFO - ================================================================================
2025-10-27 10:47:55,479 - INFO - 
--------------------------------------------------------------------------------
2025-10-27 10:47:55,479 - INFO - STEP 1: LOADING DATA
2025-10-27 10:47:55,479 - INFO - --------------------------------------------------------------------------------
2025-10-27 10:47:55,479 - INFO - Loading data from C:\Projects\experiments\modeling\output\segmented_motifs_all.csv...
2025-10-27 10:47:55,566 - INFO -   Date filtering: 21240 → 21240 rows
2025-10-27 10:47:55,567 - INFO -   Date range: 2025-09-01 to 2025-10-19
2025-10-27 10:47:55,569 - INFO -   Data shape: (21240, 32), Rows removed (NaN): 0
2025-10-27 10:47:55,569 - INFO - 
--------------------------------------------------------------------------------
2025-10-27 10:47:55,570 - INFO - STEP 2: SPLITTING DATA
2025-10-27 10:47:55,570 - INFO - --------------------------------------------------------------------------------
2025-10-27 10:47:55,570 - INFO -   Train: 16992, Test: 4248
2025-10-27 10:47:55,570 - INFO - 
--------------------------------------------------------------------------------
2025-10-27 10:47:55,570 - INFO - STEP 3: TRAINING PROCESS MODELS (MV → CV) ON GPU
2025-10-27 10:47:55,570 - INFO - --------------------------------------------------------------------------------
2025-10-27 10:47:55,570 - INFO - 
Training GP model: MV → DensityHC
2025-10-27 10:47:55,571 - INFO -   Optimal chunk size: 16992 samples
2025-10-27 10:47:55,572 - INFO -   Estimated VRAM per chunk: 3.47 GB
2025-10-27 10:47:55,572 - INFO -   Training on full dataset (16992 samples)...
2025-10-27 10:48:13,480 - INFO - ✓ GPU detected: NVIDIA GeForce GTX 1650
2025-10-27 10:48:13,480 - INFO -   VRAM: 4.29 GB
2025-10-27 10:48:13,481 - INFO - 
================================================================================
2025-10-27 10:48:13,481 - INFO - STARTING GPU-ACCELERATED GAUSSIAN PROCESS CASCADE TRAINING - MILL 8
2025-10-27 10:48:13,482 - INFO - ================================================================================
2025-10-27 10:48:13,482 - INFO - 
--------------------------------------------------------------------------------
2025-10-27 10:48:13,482 - INFO - STEP 1: LOADING DATA
2025-10-27 10:48:13,482 - INFO - --------------------------------------------------------------------------------
2025-10-27 10:48:13,482 - INFO - Loading data from C:\Projects\experiments\modeling\output\segmented_motifs_all_08.csv...
2025-10-27 10:48:13,697 - INFO -   Date filtering: 70980 → 16020 rows
2025-10-27 10:48:13,697 - INFO -   Date range: 2025-09-01 to 2025-10-19
2025-10-27 10:48:13,698 - INFO -   Data shape: (16020, 22), Rows removed (NaN): 0
2025-10-27 10:48:13,698 - INFO - 
--------------------------------------------------------------------------------
2025-10-27 10:48:13,699 - INFO - STEP 2: SPLITTING DATA
2025-10-27 10:48:13,700 - INFO - --------------------------------------------------------------------------------
2025-10-27 10:48:13,700 - INFO -   Train: 12816, Test: 3204
2025-10-27 10:48:13,700 - INFO - 
--------------------------------------------------------------------------------
2025-10-27 10:48:13,700 - INFO - STEP 3: TRAINING PROCESS MODELS (MV → CV) ON GPU
2025-10-27 10:48:13,700 - INFO - --------------------------------------------------------------------------------
2025-10-27 10:48:13,700 - INFO - 
Training GP model: MV → DensityHC
2025-10-27 10:48:13,702 - INFO -   Optimal chunk size: 12816 samples
2025-10-27 10:48:13,702 - INFO -   Estimated VRAM per chunk: 1.97 GB
2025-10-27 10:48:13,702 - INFO -   Training on full dataset (12816 samples)...
2025-10-27 10:48:32,427 - INFO - ✓ GPU detected: NVIDIA GeForce GTX 1650
2025-10-27 10:48:32,427 - INFO -   VRAM: 4.29 GB
2025-10-27 10:48:32,427 - INFO - 
================================================================================
2025-10-27 10:48:32,427 - INFO - STARTING GPU-ACCELERATED GAUSSIAN PROCESS CASCADE TRAINING - MILL 8
2025-10-27 10:48:32,428 - INFO - ================================================================================
2025-10-27 10:48:32,428 - INFO - 
--------------------------------------------------------------------------------
2025-10-27 10:48:32,428 - INFO - STEP 1: LOADING DATA
2025-10-27 10:48:32,428 - INFO - --------------------------------------------------------------------------------
2025-10-27 10:48:32,428 - INFO - Loading data from C:\Projects\experiments\modeling\output\segmented_motifs_all_08.csv...
2025-10-27 10:48:32,645 - INFO -   Date filtering: 70980 → 16020 rows
2025-10-27 10:48:32,645 - INFO -   Date range: 2025-09-01 to 2025-10-19
2025-10-27 10:48:32,648 - INFO -   Data shape: (16020, 22), Rows removed (NaN): 0
2025-10-27 10:48:32,648 - INFO - 
--------------------------------------------------------------------------------
2025-10-27 10:48:32,648 - INFO - STEP 2: SPLITTING DATA
2025-10-27 10:48:32,648 - INFO - --------------------------------------------------------------------------------
2025-10-27 10:48:32,648 - INFO -   Train: 12816, Test: 3204
2025-10-27 10:48:32,649 - INFO - 
--------------------------------------------------------------------------------
2025-10-27 10:48:32,649 - INFO - STEP 3: TRAINING PROCESS MODELS (MV → CV) ON GPU
2025-10-27 10:48:32,649 - INFO - --------------------------------------------------------------------------------
2025-10-27 10:48:32,649 - INFO - 
Training GP model: MV → DensityHC
2025-10-27 10:48:32,651 - INFO -   Optimal chunk size: 12816 samples
2025-10-27 10:48:32,651 - INFO -   Estimated VRAM per chunk: 1.97 GB
2025-10-27 10:48:32,651 - INFO -   Training on full dataset (12816 samples)...
2025-10-27 11:47:19,868 - INFO - ✓ GPU detected: NVIDIA GeForce GTX 1650
2025-10-27 11:47:19,869 - INFO -   VRAM: 4.29 GB
2025-10-27 11:47:19,870 - INFO - 
================================================================================
2025-10-27 11:47:19,871 - INFO - STARTING GPU-ACCELERATED GAUSSIAN PROCESS CASCADE TRAINING - MILL 6
2025-10-27 11:47:19,871 - INFO - ================================================================================
2025-10-27 11:47:19,871 - INFO - 
--------------------------------------------------------------------------------
2025-10-27 11:47:19,871 - INFO - STEP 1: LOADING DATA
2025-10-27 11:47:19,871 - INFO - --------------------------------------------------------------------------------
2025-10-27 11:47:19,871 - INFO - Loading data from C:\Projects\experiments\modeling\output\segmented_motifs_all_06.csv...
2025-10-27 11:47:19,999 - INFO -   Date filtering: 43140 → 18900 rows
2025-10-27 11:47:19,999 - INFO -   Date range: 2025-09-01 to 2025-10-19
2025-10-27 11:47:20,001 - INFO -   Data shape: (18900, 22), Rows removed (NaN): 0
2025-10-27 11:47:20,001 - INFO - 
--------------------------------------------------------------------------------
2025-10-27 11:47:20,001 - INFO - STEP 2: SPLITTING DATA
2025-10-27 11:47:20,001 - INFO - --------------------------------------------------------------------------------
2025-10-27 11:47:20,001 - INFO -   Train: 15120, Test: 3780
2025-10-27 11:47:20,001 - INFO - 
--------------------------------------------------------------------------------
2025-10-27 11:47:20,001 - INFO - STEP 3: TRAINING PROCESS MODELS (MV → CV) ON GPU
2025-10-27 11:47:20,001 - INFO - --------------------------------------------------------------------------------
2025-10-27 11:47:20,001 - INFO - 
Training GP model: MV → DensityHC
2025-10-27 11:47:20,003 - INFO -   Optimal chunk size: 15120 samples
2025-10-27 11:47:20,003 - INFO -   Estimated VRAM per chunk: 2.74 GB
2025-10-27 11:47:20,003 - INFO -   Training on full dataset (15120 samples)...
2025-10-27 11:48:55,209 - INFO -     Iteration 20/100 - Loss: 585.4308
2025-10-27 11:50:23,924 - INFO -     Iteration 40/100 - Loss: 318.4893
2025-10-27 11:51:53,151 - INFO -     Iteration 60/100 - Loss: 249.5504
2025-10-27 11:53:21,732 - INFO -     Iteration 80/100 - Loss: 213.9739
2025-10-27 11:54:50,291 - INFO -     Iteration 100/100 - Loss: 189.7042
2025-10-27 11:54:50,291 - INFO -   Making predictions...
2025-10-27 11:55:03,045 - INFO -   Train: R²=0.0564, RMSE=22.3714, σ=1.8947
2025-10-27 11:55:03,045 - INFO -   Test:  R²=-0.2655, RMSE=27.5960, σ=1.8945
2025-10-27 11:55:04,222 - INFO - 
Training GP model: MV → PulpHC
2025-10-27 11:55:04,223 - INFO -   Optimal chunk size: 15120 samples
2025-10-27 11:55:04,223 - INFO -   Estimated VRAM per chunk: 2.74 GB
2025-10-27 11:55:04,223 - INFO -   Training on full dataset (15120 samples)...
2025-10-27 11:56:23,122 - INFO - ✓ GPU detected: NVIDIA GeForce GTX 1650
2025-10-27 11:56:23,122 - INFO -   VRAM: 4.29 GB
2025-10-27 11:56:23,123 - INFO - 
================================================================================
2025-10-27 11:56:23,123 - INFO - STARTING GPU-ACCELERATED GAUSSIAN PROCESS CASCADE TRAINING - MILL 6
2025-10-27 11:56:23,123 - INFO - ================================================================================
2025-10-27 11:56:23,123 - INFO - 
--------------------------------------------------------------------------------
2025-10-27 11:56:23,123 - INFO - STEP 1: LOADING DATA
2025-10-27 11:56:23,123 - INFO - --------------------------------------------------------------------------------
2025-10-27 11:56:23,125 - INFO - Loading data from C:\Projects\experiments\modeling\output\segmented_motifs_all_06.csv...
2025-10-27 11:56:23,245 - INFO -   Date filtering: 43140 → 43140 rows
2025-10-27 11:56:23,246 - INFO -   Date range: 2025-06-26 to 2025-10-26
2025-10-27 11:56:23,250 - INFO -   Data shape: (43140, 22), Rows removed (NaN): 0
2025-10-27 11:56:23,250 - INFO - 
--------------------------------------------------------------------------------
2025-10-27 11:56:23,250 - INFO - STEP 2: SPLITTING DATA
2025-10-27 11:56:23,250 - INFO - --------------------------------------------------------------------------------
2025-10-27 11:56:23,250 - INFO -   Train: 34512, Test: 8628
2025-10-27 11:56:23,251 - INFO - 
--------------------------------------------------------------------------------
2025-10-27 11:56:23,251 - INFO - STEP 3: TRAINING PROCESS MODELS (MV → CV) ON GPU
2025-10-27 11:56:23,251 - INFO - --------------------------------------------------------------------------------
2025-10-27 11:56:23,251 - INFO - 
Training GP model: MV → DensityHC
2025-10-27 11:56:23,253 - INFO -   Optimal chunk size: 34155 samples
2025-10-27 11:56:23,253 - INFO -   Estimated VRAM per chunk: 14.00 GB
2025-10-27 11:56:23,253 - INFO -   Dataset too large (34512 samples), using last 34155 samples...
2025-10-27 11:59:21,298 - INFO - ✓ GPU detected: NVIDIA GeForce GTX 1650
2025-10-27 11:59:21,298 - INFO -   VRAM: 4.29 GB
2025-10-27 11:59:21,298 - INFO -   Auto-detected max VRAM: 4.29 GB
2025-10-27 11:59:21,299 - INFO - 
================================================================================
2025-10-27 11:59:21,299 - INFO - STARTING GPU-ACCELERATED GAUSSIAN PROCESS CASCADE TRAINING - MILL 6
2025-10-27 11:59:21,300 - INFO - ================================================================================
2025-10-27 11:59:21,300 - INFO - 
--------------------------------------------------------------------------------
2025-10-27 11:59:21,300 - INFO - STEP 1: LOADING DATA
2025-10-27 11:59:21,300 - INFO - --------------------------------------------------------------------------------
2025-10-27 11:59:21,301 - INFO - Loading data from C:\Projects\experiments\modeling\output\segmented_motifs_all_06.csv...
2025-10-27 11:59:21,444 - INFO -   Date filtering: 43140 → 43140 rows
2025-10-27 11:59:21,444 - INFO -   Date range: 2025-06-26 to 2025-10-26
2025-10-27 11:59:21,451 - INFO -   Data shape: (43140, 22), Rows removed (NaN): 0
2025-10-27 11:59:21,451 - INFO - 
--------------------------------------------------------------------------------
2025-10-27 11:59:21,451 - INFO - STEP 2: SPLITTING DATA
2025-10-27 11:59:21,451 - INFO - --------------------------------------------------------------------------------
2025-10-27 11:59:21,451 - INFO -   Train: 34512, Test: 8628
2025-10-27 11:59:21,452 - INFO - 
--------------------------------------------------------------------------------
2025-10-27 11:59:21,452 - INFO - STEP 3: TRAINING PROCESS MODELS (MV → CV) ON GPU
2025-10-27 11:59:21,452 - INFO - --------------------------------------------------------------------------------
2025-10-27 11:59:21,452 - INFO - 
Training GP model: MV → DensityHC
2025-10-27 11:59:21,454 - INFO -   Small GPU detected, using conservative 70% VRAM: 3.01 GB
2025-10-27 11:59:21,454 - INFO -   Optimal chunk size: 10000 samples
2025-10-27 11:59:21,455 - INFO -   Estimated VRAM per chunk: 2.00 GB
2025-10-27 11:59:21,455 - INFO -   Dataset too large (34512 samples), using last 10000 samples...
2025-10-27 11:59:36,920 - INFO -     Iteration 20/100 - Loss: 837.1281
2025-10-27 11:59:50,769 - INFO -     Iteration 40/100 - Loss: 465.3472
2025-10-27 12:00:05,251 - INFO -     Iteration 60/100 - Loss: 366.7097
2025-10-27 12:00:18,958 - INFO -     Iteration 80/100 - Loss: 314.8618
2025-10-27 12:00:33,302 - INFO -     Iteration 100/100 - Loss: 279.3349
2025-10-27 12:00:33,367 - INFO -   Making predictions...
2025-10-27 12:00:34,580 - INFO -   Train: R²=-1.0711, RMSE=41.6174, σ=1.9396
2025-10-27 12:00:34,580 - INFO -   Test:  R²=-0.5296, RMSE=37.3149, σ=1.9385
2025-10-27 12:00:36,121 - INFO - 
Training GP model: MV → PulpHC
2025-10-27 12:00:36,123 - INFO -   Small GPU detected, using conservative 70% VRAM: 3.01 GB
2025-10-27 12:00:36,123 - INFO -   Optimal chunk size: 10000 samples
2025-10-27 12:00:36,123 - INFO -   Estimated VRAM per chunk: 2.00 GB
2025-10-27 12:00:36,124 - INFO -   Dataset too large (34512 samples), using last 10000 samples...
2025-10-27 12:01:03,229 - INFO -     Iteration 20/100 - Loss: 206.0064
2025-10-27 12:01:28,354 - INFO -     Iteration 40/100 - Loss: 130.8638
2025-10-27 12:01:49,691 - INFO -     Iteration 60/100 - Loss: 105.8345
2025-10-27 12:02:09,641 - INFO -     Iteration 80/100 - Loss: 92.3542
2025-10-27 12:02:28,800 - INFO -     Iteration 100/100 - Loss: 83.2355
2025-10-27 12:02:28,869 - INFO -   Making predictions...
2025-10-27 12:02:32,241 - INFO -   Train: R²=-0.0041, RMSE=38.1124, σ=2.2547
2025-10-27 12:02:32,241 - INFO -   Test:  R²=0.1273, RMSE=31.0576, σ=2.2527
2025-10-27 12:02:34,323 - INFO - 
Training GP model: MV → PressureHC
2025-10-27 12:02:34,325 - INFO -   Small GPU detected, using conservative 70% VRAM: 3.01 GB
2025-10-27 12:02:34,325 - INFO -   Optimal chunk size: 10000 samples
2025-10-27 12:02:34,325 - INFO -   Estimated VRAM per chunk: 2.00 GB
2025-10-27 12:02:34,325 - INFO -   Dataset too large (34512 samples), using last 10000 samples...
2025-10-27 12:03:18,919 - INFO - ✓ GPU detected: NVIDIA GeForce GTX 1650
2025-10-27 12:03:18,919 - INFO -   VRAM: 4.29 GB
2025-10-27 12:03:18,920 - INFO - 
================================================================================
2025-10-27 12:03:18,920 - INFO - STARTING GPU-ACCELERATED GAUSSIAN PROCESS CASCADE TRAINING - MILL 6
2025-10-27 12:03:18,920 - INFO - ================================================================================
2025-10-27 12:03:18,920 - INFO - 
--------------------------------------------------------------------------------
2025-10-27 12:03:18,922 - INFO - STEP 1: LOADING DATA
2025-10-27 12:03:18,922 - INFO - --------------------------------------------------------------------------------
2025-10-27 12:03:18,922 - INFO - Loading data from C:\Projects\experiments\modeling\output\segmented_motifs_all_06.csv...
2025-10-27 12:03:19,047 - INFO -   Date filtering: 43140 → 22020 rows
2025-10-27 12:03:19,047 - INFO -   Date range: 2025-08-26 to 2025-10-26
2025-10-27 12:03:19,049 - INFO -   Data shape: (22020, 22), Rows removed (NaN): 0
2025-10-27 12:03:19,050 - INFO - 
--------------------------------------------------------------------------------
2025-10-27 12:03:19,050 - INFO - STEP 2: SPLITTING DATA
2025-10-27 12:03:19,050 - INFO - --------------------------------------------------------------------------------
2025-10-27 12:03:19,051 - INFO -   Train: 17616, Test: 4404
2025-10-27 12:03:19,051 - INFO - 
--------------------------------------------------------------------------------
2025-10-27 12:03:19,051 - INFO - STEP 3: TRAINING PROCESS MODELS (MV → CV) ON GPU
2025-10-27 12:03:19,051 - INFO - --------------------------------------------------------------------------------
2025-10-27 12:03:19,051 - INFO - 
Training GP model: MV → DensityHC
2025-10-27 12:03:19,053 - INFO -   Optimal chunk size: 17616 samples
2025-10-27 12:03:19,053 - INFO -   Estimated VRAM per chunk: 3.72 GB
2025-10-27 12:03:19,053 - INFO -   Training on full dataset (17616 samples)...
2025-10-27 12:05:12,706 - INFO -     Iteration 20/100 - Loss: 539.7198
2025-10-27 12:07:02,389 - INFO -     Iteration 40/100 - Loss: 297.1147
2025-10-27 12:08:52,020 - INFO -     Iteration 60/100 - Loss: 231.8979
2025-10-27 12:10:43,119 - INFO -     Iteration 80/100 - Loss: 198.1917
2025-10-27 12:12:34,036 - INFO -     Iteration 100/100 - Loss: 175.4022
2025-10-27 12:12:34,037 - INFO -   Making predictions...
2025-10-27 12:12:51,090 - INFO -   Train: R²=-0.2851, RMSE=26.8740, σ=1.9846
2025-10-27 12:12:51,090 - INFO -   Test:  R²=-0.4117, RMSE=31.1629, σ=1.9848
2025-10-27 12:12:52,280 - INFO - 
Training GP model: MV → PulpHC
2025-10-27 12:12:52,282 - INFO -   Optimal chunk size: 17616 samples
2025-10-27 12:12:52,282 - INFO -   Estimated VRAM per chunk: 3.72 GB
2025-10-27 12:12:52,282 - INFO -   Training on full dataset (17616 samples)...
2025-10-27 12:14:45,213 - INFO -     Iteration 20/100 - Loss: 200.1973
2025-10-27 12:16:24,545 - INFO - ✓ GPU detected: NVIDIA GeForce GTX 1650
2025-10-27 12:16:24,546 - INFO -   VRAM: 4.29 GB
2025-10-27 12:16:24,547 - INFO - 
================================================================================
2025-10-27 12:16:24,547 - INFO - STARTING GPU-ACCELERATED GAUSSIAN PROCESS CASCADE TRAINING - MILL 6
2025-10-27 12:16:24,547 - INFO - ================================================================================
2025-10-27 12:16:24,547 - INFO - 
--------------------------------------------------------------------------------
2025-10-27 12:16:24,548 - INFO - STEP 1: LOADING DATA
2025-10-27 12:16:24,548 - INFO - --------------------------------------------------------------------------------
2025-10-27 12:16:24,548 - INFO - Loading data from C:\Projects\experiments\modeling\output\segmented_motifs_all_06.csv...
2025-10-27 12:16:24,673 - INFO -   Date filtering: 43140 → 28380 rows
2025-10-27 12:16:24,674 - INFO -   Date range: 2025-08-01 to 2025-10-26
2025-10-27 12:16:24,675 - INFO -   Data shape: (28380, 22), Rows removed (NaN): 0
2025-10-27 12:16:24,676 - INFO - 
--------------------------------------------------------------------------------
2025-10-27 12:16:24,676 - INFO - STEP 2: SPLITTING DATA
2025-10-27 12:16:24,676 - INFO - --------------------------------------------------------------------------------
2025-10-27 12:16:24,676 - INFO -   Train: 22704, Test: 5676
2025-10-27 12:16:24,676 - INFO - 
--------------------------------------------------------------------------------
2025-10-27 12:16:24,676 - INFO - STEP 3: TRAINING PROCESS MODELS (MV → CV) ON GPU
2025-10-27 12:16:24,676 - INFO - --------------------------------------------------------------------------------
2025-10-27 12:16:24,676 - INFO - 
Training GP model: MV → DensityHC
2025-10-27 12:16:24,679 - INFO -   Optimal chunk size: 22704 samples
2025-10-27 12:16:24,679 - INFO -   Estimated VRAM per chunk: 6.19 GB
2025-10-27 12:16:24,679 - INFO -   Training on full dataset (22704 samples)...
2025-10-27 12:20:09,699 - INFO - ✓ GPU detected: NVIDIA GeForce GTX 1650
2025-10-27 12:20:09,700 - INFO -   VRAM: 4.29 GB
2025-10-27 12:20:09,701 - INFO - 
================================================================================
2025-10-27 12:20:09,701 - INFO - STARTING GPU-ACCELERATED GAUSSIAN PROCESS CASCADE TRAINING - MILL 6
2025-10-27 12:20:09,701 - INFO - ================================================================================
2025-10-27 12:20:09,701 - INFO - 
--------------------------------------------------------------------------------
2025-10-27 12:20:09,701 - INFO - STEP 1: LOADING DATA
2025-10-27 12:20:09,702 - INFO - --------------------------------------------------------------------------------
2025-10-27 12:20:09,703 - INFO - Loading data from C:\Projects\experiments\modeling\output\segmented_motifs_all_06.csv...
2025-10-27 12:20:09,823 - INFO -   Date filtering: 43140 → 23580 rows
2025-10-27 12:20:09,824 - INFO -   Date range: 2025-08-16 to 2025-10-26
2025-10-27 12:20:09,827 - INFO -   Data shape: (23580, 22), Rows removed (NaN): 0
2025-10-27 12:20:09,827 - INFO - 
--------------------------------------------------------------------------------
2025-10-27 12:20:09,827 - INFO - STEP 2: SPLITTING DATA
2025-10-27 12:20:09,828 - INFO - --------------------------------------------------------------------------------
2025-10-27 12:20:09,828 - INFO -   Train: 18864, Test: 4716
2025-10-27 12:20:09,828 - INFO - 
--------------------------------------------------------------------------------
2025-10-27 12:20:09,828 - INFO - STEP 3: TRAINING PROCESS MODELS (MV → CV) ON GPU
2025-10-27 12:20:09,829 - INFO - --------------------------------------------------------------------------------
2025-10-27 12:20:09,829 - INFO - 
Training GP model: MV → DensityHC
2025-10-27 12:20:09,829 - INFO -   Optimal chunk size: 18864 samples
2025-10-27 12:20:09,829 - INFO -   Estimated VRAM per chunk: 4.27 GB
2025-10-27 12:20:09,829 - INFO -   Training on full dataset (18864 samples)...
2025-10-27 12:22:18,157 - INFO -     Iteration 20/100 - Loss: 520.3460
2025-10-27 12:24:21,601 - INFO -     Iteration 40/100 - Loss: 284.6367
2025-10-27 12:26:25,092 - INFO -     Iteration 60/100 - Loss: 220.7796
2025-10-27 12:28:28,608 - INFO -     Iteration 80/100 - Loss: 188.1011
2025-10-27 12:30:32,114 - INFO -     Iteration 100/100 - Loss: 166.2521
2025-10-27 12:30:32,114 - INFO -   Making predictions...
2025-10-27 12:30:51,573 - INFO -   Train: R²=-0.1692, RMSE=25.0557, σ=2.0095
2025-10-27 12:30:51,574 - INFO -   Test:  R²=-0.4717, RMSE=31.5070, σ=2.0096
2025-10-27 12:30:52,863 - INFO - 
Training GP model: MV → PulpHC
2025-10-27 12:30:52,864 - INFO -   Optimal chunk size: 18864 samples
2025-10-27 12:30:52,864 - INFO -   Estimated VRAM per chunk: 4.27 GB
2025-10-27 12:30:52,864 - INFO -   Training on full dataset (18864 samples)...
2025-10-27 12:32:59,982 - INFO -     Iteration 20/100 - Loss: 206.0150
2025-10-27 12:35:05,309 - INFO -     Iteration 40/100 - Loss: 133.2748
2025-10-27 12:37:08,541 - INFO -     Iteration 60/100 - Loss: 111.3431
2025-10-27 12:39:12,121 - INFO -     Iteration 80/100 - Loss: 96.6308
2025-10-27 12:41:15,548 - INFO -     Iteration 100/100 - Loss: 87.2441
2025-10-27 12:41:15,549 - INFO -   Making predictions...
2025-10-27 12:41:38,384 - INFO -   Train: R²=0.6693, RMSE=22.3939, σ=2.2259
2025-10-27 12:41:38,384 - INFO -   Test:  R²=0.2264, RMSE=25.8149, σ=2.2263
2025-10-27 12:41:39,862 - INFO - 
Training GP model: MV → PressureHC
2025-10-27 12:41:39,865 - INFO -   Optimal chunk size: 18864 samples
2025-10-27 12:41:39,866 - INFO -   Estimated VRAM per chunk: 4.27 GB
2025-10-27 12:41:39,866 - INFO -   Training on full dataset (18864 samples)...
2025-10-27 12:43:46,145 - INFO -     Iteration 20/100 - Loss: -0.0716
2025-10-27 12:45:49,493 - INFO -     Iteration 40/100 - Loss: -1.0798
2025-10-27 12:47:52,862 - INFO -     Iteration 60/100 - Loss: -2.0029
2025-10-27 12:50:29,393 - INFO -     Iteration 80/100 - Loss: -1.6874
2025-10-27 12:54:45,180 - INFO -     Iteration 100/100 - Loss: -1.6814
2025-10-27 12:54:45,181 - INFO -   Making predictions...
2025-10-27 12:57:00,082 - INFO -   Train: R²=-0.2501, RMSE=0.0381, σ=0.1477
2025-10-27 12:57:00,083 - INFO -   Test:  R²=0.1057, RMSE=0.0339, σ=0.1370
2025-10-27 12:57:01,542 - INFO - 
Training GP model: MV → CirculativeLoad
2025-10-27 12:57:01,544 - INFO -   Optimal chunk size: 18864 samples
2025-10-27 12:57:01,544 - INFO -   Estimated VRAM per chunk: 4.27 GB
2025-10-27 12:57:01,545 - INFO -   Training on full dataset (18864 samples)...
